{
  "stats": {
    "suites": 1,
    "tests": 2,
    "passes": 1,
    "pending": 0,
    "failures": 1,
    "start": "2020-11-26T22:06:22.897Z",
    "end": "2020-11-26T22:07:01.234Z",
    "duration": 38337,
    "testsRegistered": 2,
    "passPercent": 50,
    "pendingPercent": 0,
    "other": 0,
    "hasOther": false,
    "skipped": 0,
    "hasSkipped": false
  },
  "results": [
    {
      "uuid": "f533797e-3337-4ae7-9ea3-2f4634cc2331",
      "title": "",
      "fullFile": "cypress\\integration\\e2e\\BDD\\ecommerce.feature",
      "file": "cypress\\integration\\e2e\\BDD\\ecommerce.feature",
      "beforeHooks": [],
      "afterHooks": [],
      "tests": [],
      "suites": [
        {
          "uuid": "c921d946-7997-4aba-8ab3-ae2223c1abb4",
          "title": "End to end Ecommerce validation",
          "fullFile": "",
          "file": "",
          "beforeHooks": [],
          "afterHooks": [],
          "tests": [
            {
              "title": "Ecommerce prioducts delivery",
              "fullTitle": "End to end Ecommerce validation Ecommerce prioducts delivery",
              "timedOut": null,
              "duration": 12315,
              "state": "passed",
              "speed": "slow",
              "pass": true,
              "fail": false,
              "pending": false,
              "context": null,
              "code": "const state = window.testState;\nreturn cy\n  .then(() => state.onStartScenario(scenario, indexedSteps))\n  .then(() =>\n    resolveAndRunBeforeHooks.call(this, scenario.tags, state.feature.name)\n  )\n  .then(() =>\n    indexedSteps.forEach((step) =>\n      stepTest.call(this, state, step, rowData)\n    )\n  )\n  .then(() =>\n    resolveAndRunAfterHooks.call(this, scenario.tags, state.feature.name)\n  )\n  .then(() => state.onFinishScenario(scenario));",
              "err": {},
              "uuid": "a6bacc16-7ef5-4e13-9c0b-452dc104213a",
              "parentUUID": "c921d946-7997-4aba-8ab3-ae2223c1abb4",
              "isHook": false,
              "skipped": false
            },
            {
              "title": "Filling the form to shop",
              "fullTitle": "End to end Ecommerce validation Filling the form to shop",
              "timedOut": null,
              "duration": 9661,
              "state": "failed",
              "speed": null,
              "pass": false,
              "fail": true,
              "pending": false,
              "context": null,
              "code": "const state = window.testState;\nreturn cy\n  .then(() => state.onStartScenario(scenario, indexedSteps))\n  .then(() =>\n    resolveAndRunBeforeHooks.call(this, scenario.tags, state.feature.name)\n  )\n  .then(() =>\n    indexedSteps.forEach((step) =>\n      stepTest.call(this, state, step, rowData)\n    )\n  )\n  .then(() =>\n    resolveAndRunAfterHooks.call(this, scenario.tags, state.feature.name)\n  )\n  .then(() => state.onFinishScenario(scenario));",
              "err": {
                "message": "TypeError: Timed out retrying: Cannot read property 'split' of undefined",
                "estack": "TypeError: Timed out retrying: Cannot read property 'split' of undefined\n    at Context.shouldFn (https://rahulshettyacademy.com/__cypress/runner/cypress_runner.js:154649:25)\n    at Context.should (https://rahulshettyacademy.com/__cypress/runner/cypress_runner.js:154748:23)\n    at https://rahulshettyacademy.com/__cypress/runner/cypress_runner.js:150448:39\n    at assertions (https://rahulshettyacademy.com/__cypress/runner/cypress_runner.js:150700:14)\n    at tryCatcher (https://rahulshettyacademy.com/__cypress/runner/cypress_runner.js:10325:23)\n    at Object.gotValue (https://rahulshettyacademy.com/__cypress/runner/cypress_runner.js:9469:18)\n    at Object.gotAccum (https://rahulshettyacademy.com/__cypress/runner/cypress_runner.js:9456:25)\n    at Object.tryCatcher (https://rahulshettyacademy.com/__cypress/runner/cypress_runner.js:10325:23)\n    at Promise._settlePromiseFromHandler (https://rahulshettyacademy.com/__cypress/runner/cypress_runner.js:8260:31)\n    at Promise._settlePromise (https://rahulshettyacademy.com/__cypress/runner/cypress_runner.js:8317:18)\n    at Promise._settlePromiseCtx (https://rahulshettyacademy.com/__cypress/runner/cypress_runner.js:8354:10)\n    at _drainQueueStep (https://rahulshettyacademy.com/__cypress/runner/cypress_runner.js:5036:12)\n    at _drainQueue (https://rahulshettyacademy.com/__cypress/runner/cypress_runner.js:5025:9)\n    at Async.../../node_modules/bluebird/js/release/async.js.Async._drainQueues (https://rahulshettyacademy.com/__cypress/runner/cypress_runner.js:5041:5)\n    at Async.drainQueues (https://rahulshettyacademy.com/__cypress/runner/cypress_runner.js:4911:14)",
                "diff": null
              },
              "uuid": "0e38a7c7-b365-4be0-853f-8a71379f80d9",
              "parentUUID": "c921d946-7997-4aba-8ab3-ae2223c1abb4",
              "isHook": false,
              "skipped": false
            }
          ],
          "suites": [],
          "passes": [
            "a6bacc16-7ef5-4e13-9c0b-452dc104213a"
          ],
          "failures": [
            "0e38a7c7-b365-4be0-853f-8a71379f80d9"
          ],
          "pending": [],
          "skipped": [],
          "duration": 21976,
          "root": false,
          "rootEmpty": false,
          "_timeout": 2000
        }
      ],
      "passes": [],
      "failures": [],
      "pending": [],
      "skipped": [],
      "duration": 0,
      "root": true,
      "rootEmpty": true,
      "_timeout": 2000
    }
  ],
  "meta": {
    "mocha": {
      "version": "7.0.1"
    },
    "mochawesome": {
      "options": {
        "quiet": false,
        "reportFilename": "mochawesome",
        "saveHtml": true,
        "saveJson": true,
        "consoleReporter": "spec",
        "useInlineDiffs": false,
        "code": true
      },
      "version": "6.2.1"
    },
    "marge": {
      "options": null,
      "version": "5.1.0"
    }
  }
}